Unhandled exception in thread started by <function check_errors.<locals>.wrapper at 0x7fa1d8cae2f0>
Traceback (most recent call last):
  File "/root/.virtualenvs/task/lib/python3.5/site-packages/django/utils/autoreload.py", line 228, in wrapper
    fn(*args, **kwargs)
  File "/root/.virtualenvs/task/lib/python3.5/site-packages/django/core/management/commands/runserver.py", line 124, in inner_run
    self.check(display_num_errors=True)
  File "/root/.virtualenvs/task/lib/python3.5/site-packages/django/core/management/base.py", line 359, in check
    include_deployment_checks=include_deployment_checks,
  File "/root/.virtualenvs/task/lib/python3.5/site-packages/django/core/management/base.py", line 346, in _run_checks
    return checks.run_checks(**kwargs)
  File "/root/.virtualenvs/task/lib/python3.5/site-packages/django/core/checks/registry.py", line 81, in run_checks
    new_errors = check(app_configs=app_configs)
  File "/root/.virtualenvs/task/lib/python3.5/site-packages/django/core/checks/urls.py", line 16, in check_url_config
    return check_resolver(resolver)
  File "/root/.virtualenvs/task/lib/python3.5/site-packages/django/core/checks/urls.py", line 26, in check_resolver
    return check_method()
  File "/root/.virtualenvs/task/lib/python3.5/site-packages/django/urls/resolvers.py", line 254, in check
    for pattern in self.url_patterns:
  File "/root/.virtualenvs/task/lib/python3.5/site-packages/django/utils/functional.py", line 35, in __get__
    res = instance.__dict__[self.name] = self.func(instance)
  File "/root/.virtualenvs/task/lib/python3.5/site-packages/django/urls/resolvers.py", line 405, in url_patterns
    patterns = getattr(self.urlconf_module, "urlpatterns", self.urlconf_module)
  File "/root/.virtualenvs/task/lib/python3.5/site-packages/django/utils/functional.py", line 35, in __get__
    res = instance.__dict__[self.name] = self.func(instance)
  File "/root/.virtualenvs/task/lib/python3.5/site-packages/django/urls/resolvers.py", line 398, in urlconf_module
    return import_module(self.urlconf_name)
  File "/root/.virtualenvs/task/lib/python3.5/importlib/__init__.py", line 126, in import_module
    return _bootstrap._gcd_import(name[level:], package, level)
  File "<frozen importlib._bootstrap>", line 986, in _gcd_import
  File "<frozen importlib._bootstrap>", line 969, in _find_and_load
  File "<frozen importlib._bootstrap>", line 958, in _find_and_load_unlocked
  File "<frozen importlib._bootstrap>", line 673, in _load_unlocked
  File "<frozen importlib._bootstrap_external>", line 665, in exec_module
  File "<frozen importlib._bootstrap>", line 222, in _call_with_frames_removed
  File "/root/Up_down_chain/up_down_chain/up_down_chain/urls.py", line 23, in <module>
    url(r'^index/', include('Enterprise.urls')),
  File "/root/.virtualenvs/task/lib/python3.5/site-packages/django/conf/urls/__init__.py", line 50, in include
    urlconf_module = import_module(urlconf_module)
  File "/root/.virtualenvs/task/lib/python3.5/importlib/__init__.py", line 126, in import_module
    return _bootstrap._gcd_import(name[level:], package, level)
  File "<frozen importlib._bootstrap>", line 986, in _gcd_import
  File "<frozen importlib._bootstrap>", line 969, in _find_and_load
  File "<frozen importlib._bootstrap>", line 958, in _find_and_load_unlocked
  File "<frozen importlib._bootstrap>", line 673, in _load_unlocked
  File "<frozen importlib._bootstrap_external>", line 665, in exec_module
  File "<frozen importlib._bootstrap>", line 222, in _call_with_frames_removed
  File "/root/Up_down_chain/up_down_chain/up_down_chain/app/Enterprise/urls.py", line 4, in <module>
    from . import views
  File "/root/Up_down_chain/up_down_chain/up_down_chain/app/Enterprise/views.py", line 28, in <module>
    from Subseribe.views import BidsSearchView
  File "/root/Up_down_chain/up_down_chain/up_down_chain/app/Subseribe/views.py", line 14, in <module>
    from up_down_chain.utils.send_template import Send_template
  File "/root/Up_down_chain/up_down_chain/up_down_chain/utils/send_template.py", line 196
    def Payment_notice_Template(self,openid,total_fee,order_id,access_token,time):
                                                                                 ^
IndentationError: unindent does not match any outer indentation level
Performing system checks...

Unhandled exception in thread started by <function check_errors.<locals>.wrapper at 0x7f51624a62f0>
Traceback (most recent call last):
  File "/root/.virtualenvs/task/lib/python3.5/site-packages/django/utils/autoreload.py", line 228, in wrapper
    fn(*args, **kwargs)
  File "/root/.virtualenvs/task/lib/python3.5/site-packages/django/core/management/commands/runserver.py", line 124, in inner_run
    self.check(display_num_errors=True)
  File "/root/.virtualenvs/task/lib/python3.5/site-packages/django/core/management/base.py", line 359, in check
    include_deployment_checks=include_deployment_checks,
  File "/root/.virtualenvs/task/lib/python3.5/site-packages/django/core/management/base.py", line 346, in _run_checks
    return checks.run_checks(**kwargs)
  File "/root/.virtualenvs/task/lib/python3.5/site-packages/django/core/checks/registry.py", line 81, in run_checks
    new_errors = check(app_configs=app_configs)
  File "/root/.virtualenvs/task/lib/python3.5/site-packages/django/core/checks/urls.py", line 16, in check_url_config
    return check_resolver(resolver)
  File "/root/.virtualenvs/task/lib/python3.5/site-packages/django/core/checks/urls.py", line 26, in check_resolver
    return check_method()
  File "/root/.virtualenvs/task/lib/python3.5/site-packages/django/urls/resolvers.py", line 254, in check
    for pattern in self.url_patterns:
  File "/root/.virtualenvs/task/lib/python3.5/site-packages/django/utils/functional.py", line 35, in __get__
    res = instance.__dict__[self.name] = self.func(instance)
  File "/root/.virtualenvs/task/lib/python3.5/site-packages/django/urls/resolvers.py", line 405, in url_patterns
    patterns = getattr(self.urlconf_module, "urlpatterns", self.urlconf_module)
  File "/root/.virtualenvs/task/lib/python3.5/site-packages/django/utils/functional.py", line 35, in __get__
    res = instance.__dict__[self.name] = self.func(instance)
  File "/root/.virtualenvs/task/lib/python3.5/site-packages/django/urls/resolvers.py", line 398, in urlconf_module
    return import_module(self.urlconf_name)
  File "/root/.virtualenvs/task/lib/python3.5/importlib/__init__.py", line 126, in import_module
    return _bootstrap._gcd_import(name[level:], package, level)
  File "<frozen importlib._bootstrap>", line 986, in _gcd_import
  File "<frozen importlib._bootstrap>", line 969, in _find_and_load
  File "<frozen importlib._bootstrap>", line 958, in _find_and_load_unlocked
  File "<frozen importlib._bootstrap>", line 673, in _load_unlocked
  File "<frozen importlib._bootstrap_external>", line 665, in exec_module
  File "<frozen importlib._bootstrap>", line 222, in _call_with_frames_removed
  File "/root/Up_down_chain/up_down_chain/up_down_chain/urls.py", line 36, in <module>
    url(r'^pay/',include('Pays.urls')),
  File "/root/.virtualenvs/task/lib/python3.5/site-packages/django/conf/urls/__init__.py", line 50, in include
    urlconf_module = import_module(urlconf_module)
  File "/root/.virtualenvs/task/lib/python3.5/importlib/__init__.py", line 126, in import_module
    return _bootstrap._gcd_import(name[level:], package, level)
  File "<frozen importlib._bootstrap>", line 986, in _gcd_import
  File "<frozen importlib._bootstrap>", line 969, in _find_and_load
  File "<frozen importlib._bootstrap>", line 958, in _find_and_load_unlocked
  File "<frozen importlib._bootstrap>", line 673, in _load_unlocked
  File "<frozen importlib._bootstrap_external>", line 665, in exec_module
  File "<frozen importlib._bootstrap>", line 222, in _call_with_frames_removed
  File "/root/Up_down_chain/up_down_chain/up_down_chain/app/Pays/urls.py", line 3, in <module>
    from . import views
  File "/root/Up_down_chain/up_down_chain/up_down_chain/app/Pays/views.py", line 71, in <module>
    class RechargeMent(GenericAPIView):
  File "/root/Up_down_chain/up_down_chain/up_down_chain/app/Pays/views.py", line 73, in RechargeMent
    serializer_class = RechargeSerializers
NameError: name 'RechargeSerializers' is not defined
Performing system checks...

<module 'os' from '/root/.virtualenvs/task/lib/python3.5/os.py'>
Unhandled exception in thread started by <function check_errors.<locals>.wrapper at 0x7f5917caf2f0>
Traceback (most recent call last):
  File "/root/.virtualenvs/task/lib/python3.5/site-packages/django/utils/autoreload.py", line 228, in wrapper
    fn(*args, **kwargs)
  File "/root/.virtualenvs/task/lib/python3.5/site-packages/django/core/management/commands/runserver.py", line 124, in inner_run
    self.check(display_num_errors=True)
  File "/root/.virtualenvs/task/lib/python3.5/site-packages/django/core/management/base.py", line 359, in check
    include_deployment_checks=include_deployment_checks,
  File "/root/.virtualenvs/task/lib/python3.5/site-packages/django/core/management/base.py", line 346, in _run_checks
    return checks.run_checks(**kwargs)
  File "/root/.virtualenvs/task/lib/python3.5/site-packages/django/core/checks/registry.py", line 81, in run_checks
    new_errors = check(app_configs=app_configs)
  File "/root/.virtualenvs/task/lib/python3.5/site-packages/django/core/checks/urls.py", line 16, in check_url_config
    return check_resolver(resolver)
  File "/root/.virtualenvs/task/lib/python3.5/site-packages/django/core/checks/urls.py", line 26, in check_resolver
    return check_method()
  File "/root/.virtualenvs/task/lib/python3.5/site-packages/django/urls/resolvers.py", line 254, in check
    for pattern in self.url_patterns:
  File "/root/.virtualenvs/task/lib/python3.5/site-packages/django/utils/functional.py", line 35, in __get__
    res = instance.__dict__[self.name] = self.func(instance)
  File "/root/.virtualenvs/task/lib/python3.5/site-packages/django/urls/resolvers.py", line 405, in url_patterns
    patterns = getattr(self.urlconf_module, "urlpatterns", self.urlconf_module)
  File "/root/.virtualenvs/task/lib/python3.5/site-packages/django/utils/functional.py", line 35, in __get__
    res = instance.__dict__[self.name] = self.func(instance)
  File "/root/.virtualenvs/task/lib/python3.5/site-packages/django/urls/resolvers.py", line 398, in urlconf_module
    return import_module(self.urlconf_name)
  File "/root/.virtualenvs/task/lib/python3.5/importlib/__init__.py", line 126, in import_module
    return _bootstrap._gcd_import(name[level:], package, level)
  File "<frozen importlib._bootstrap>", line 986, in _gcd_import
  File "<frozen importlib._bootstrap>", line 969, in _find_and_load
  File "<frozen importlib._bootstrap>", line 958, in _find_and_load_unlocked
  File "<frozen importlib._bootstrap>", line 673, in _load_unlocked
  File "<frozen importlib._bootstrap_external>", line 665, in exec_module
  File "<frozen importlib._bootstrap>", line 222, in _call_with_frames_removed
  File "/root/Up_down_chain/up_down_chain/up_down_chain/urls.py", line 36, in <module>
    url(r'^pay/',include('Pays.urls')),
  File "/root/.virtualenvs/task/lib/python3.5/site-packages/django/conf/urls/__init__.py", line 50, in include
    urlconf_module = import_module(urlconf_module)
  File "/root/.virtualenvs/task/lib/python3.5/importlib/__init__.py", line 126, in import_module
    return _bootstrap._gcd_import(name[level:], package, level)
  File "<frozen importlib._bootstrap>", line 986, in _gcd_import
  File "<frozen importlib._bootstrap>", line 969, in _find_and_load
  File "<frozen importlib._bootstrap>", line 958, in _find_and_load_unlocked
  File "<frozen importlib._bootstrap>", line 673, in _load_unlocked
  File "<frozen importlib._bootstrap_external>", line 665, in exec_module
  File "<frozen importlib._bootstrap>", line 222, in _call_with_frames_removed
  File "/root/Up_down_chain/up_down_chain/up_down_chain/app/Pays/urls.py", line 3, in <module>
    from . import views
  File "/root/Up_down_chain/up_down_chain/up_down_chain/app/Pays/views.py", line 17, in <module>
    from .serializables import PaySerializers
  File "/root/Up_down_chain/up_down_chain/up_down_chain/app/Pays/serializables.py", line 14, in <module>
    class RechargeSerializers(serializers.ModelSerializer):
  File "/root/Up_down_chain/up_down_chain/up_down_chain/app/Pays/serializables.py", line 18, in RechargeSerializers
    class Meta:
  File "/root/Up_down_chain/up_down_chain/up_down_chain/app/Pays/serializables.py", line 19, in Meta
    model = RechargeModel
NameError: name 'RechargeModel' is not defined
Performing system checks...

<module 'os' from '/root/.virtualenvs/task/lib/python3.5/os.py'>
Unhandled exception in thread started by <function check_errors.<locals>.wrapper at 0x7f408b37f620>
Traceback (most recent call last):
  File "/root/.virtualenvs/task/lib/python3.5/site-packages/django/utils/autoreload.py", line 228, in wrapper
    fn(*args, **kwargs)
  File "/root/.virtualenvs/task/lib/python3.5/site-packages/django/core/management/commands/runserver.py", line 124, in inner_run
    self.check(display_num_errors=True)
  File "/root/.virtualenvs/task/lib/python3.5/site-packages/django/core/management/base.py", line 359, in check
    include_deployment_checks=include_deployment_checks,
  File "/root/.virtualenvs/task/lib/python3.5/site-packages/django/core/management/base.py", line 346, in _run_checks
    return checks.run_checks(**kwargs)
  File "/root/.virtualenvs/task/lib/python3.5/site-packages/django/core/checks/registry.py", line 81, in run_checks
    new_errors = check(app_configs=app_configs)
  File "/root/.virtualenvs/task/lib/python3.5/site-packages/django/core/checks/urls.py", line 16, in check_url_config
    return check_resolver(resolver)
  File "/root/.virtualenvs/task/lib/python3.5/site-packages/django/core/checks/urls.py", line 26, in check_resolver
    return check_method()
  File "/root/.virtualenvs/task/lib/python3.5/site-packages/django/urls/resolvers.py", line 254, in check
    for pattern in self.url_patterns:
  File "/root/.virtualenvs/task/lib/python3.5/site-packages/django/utils/functional.py", line 35, in __get__
    res = instance.__dict__[self.name] = self.func(instance)
  File "/root/.virtualenvs/task/lib/python3.5/site-packages/django/urls/resolvers.py", line 405, in url_patterns
    patterns = getattr(self.urlconf_module, "urlpatterns", self.urlconf_module)
  File "/root/.virtualenvs/task/lib/python3.5/site-packages/django/utils/functional.py", line 35, in __get__
    res = instance.__dict__[self.name] = self.func(instance)
  File "/root/.virtualenvs/task/lib/python3.5/site-packages/django/urls/resolvers.py", line 398, in urlconf_module
    return import_module(self.urlconf_name)
  File "/root/.virtualenvs/task/lib/python3.5/importlib/__init__.py", line 126, in import_module
    return _bootstrap._gcd_import(name[level:], package, level)
  File "<frozen importlib._bootstrap>", line 986, in _gcd_import
  File "<frozen importlib._bootstrap>", line 969, in _find_and_load
  File "<frozen importlib._bootstrap>", line 958, in _find_and_load_unlocked
  File "<frozen importlib._bootstrap>", line 673, in _load_unlocked
  File "<frozen importlib._bootstrap_external>", line 665, in exec_module
  File "<frozen importlib._bootstrap>", line 222, in _call_with_frames_removed
  File "/root/Up_down_chain/up_down_chain/up_down_chain/urls.py", line 36, in <module>
    url(r'^pay/',include('Pays.urls')),
  File "/root/.virtualenvs/task/lib/python3.5/site-packages/django/conf/urls/__init__.py", line 50, in include
    urlconf_module = import_module(urlconf_module)
  File "/root/.virtualenvs/task/lib/python3.5/importlib/__init__.py", line 126, in import_module
    return _bootstrap._gcd_import(name[level:], package, level)
  File "<frozen importlib._bootstrap>", line 986, in _gcd_import
  File "<frozen importlib._bootstrap>", line 969, in _find_and_load
  File "<frozen importlib._bootstrap>", line 958, in _find_and_load_unlocked
  File "<frozen importlib._bootstrap>", line 673, in _load_unlocked
  File "<frozen importlib._bootstrap_external>", line 665, in exec_module
  File "<frozen importlib._bootstrap>", line 222, in _call_with_frames_removed
  File "/root/Up_down_chain/up_down_chain/up_down_chain/app/Pays/urls.py", line 3, in <module>
    from . import views
  File "/root/Up_down_chain/up_down_chain/up_down_chain/app/Pays/views.py", line 3, in <module>
    from .serializables import PaySerializers,SmsCallbackSerializers, RechargeSerializers, PaymentSerializers
  File "/root/Up_down_chain/up_down_chain/up_down_chain/app/Pays/serializables.py", line 14, in <module>
    class RechargeSerializers(serializers.ModelSerializer):
  File "/root/Up_down_chain/up_down_chain/up_down_chain/app/Pays/serializables.py", line 18, in RechargeSerializers
    class Meta:
  File "/root/Up_down_chain/up_down_chain/up_down_chain/app/Pays/serializables.py", line 19, in Meta
    model = RechargeModel
NameError: name 'RechargeModel' is not defined
Performing system checks...

<module 'os' from '/root/.virtualenvs/task/lib/python3.5/os.py'>
Unhandled exception in thread started by <function check_errors.<locals>.wrapper at 0x7f29a020e620>
Traceback (most recent call last):
  File "/root/.virtualenvs/task/lib/python3.5/site-packages/django/utils/autoreload.py", line 228, in wrapper
    fn(*args, **kwargs)
  File "/root/.virtualenvs/task/lib/python3.5/site-packages/django/core/management/commands/runserver.py", line 124, in inner_run
    self.check(display_num_errors=True)
  File "/root/.virtualenvs/task/lib/python3.5/site-packages/django/core/management/base.py", line 359, in check
    include_deployment_checks=include_deployment_checks,
  File "/root/.virtualenvs/task/lib/python3.5/site-packages/django/core/management/base.py", line 346, in _run_checks
    return checks.run_checks(**kwargs)
  File "/root/.virtualenvs/task/lib/python3.5/site-packages/django/core/checks/registry.py", line 81, in run_checks
    new_errors = check(app_configs=app_configs)
  File "/root/.virtualenvs/task/lib/python3.5/site-packages/django/core/checks/urls.py", line 16, in check_url_config
    return check_resolver(resolver)
  File "/root/.virtualenvs/task/lib/python3.5/site-packages/django/core/checks/urls.py", line 26, in check_resolver
    return check_method()
  File "/root/.virtualenvs/task/lib/python3.5/site-packages/django/urls/resolvers.py", line 254, in check
    for pattern in self.url_patterns:
  File "/root/.virtualenvs/task/lib/python3.5/site-packages/django/utils/functional.py", line 35, in __get__
    res = instance.__dict__[self.name] = self.func(instance)
  File "/root/.virtualenvs/task/lib/python3.5/site-packages/django/urls/resolvers.py", line 405, in url_patterns
    patterns = getattr(self.urlconf_module, "urlpatterns", self.urlconf_module)
  File "/root/.virtualenvs/task/lib/python3.5/site-packages/django/utils/functional.py", line 35, in __get__
    res = instance.__dict__[self.name] = self.func(instance)
  File "/root/.virtualenvs/task/lib/python3.5/site-packages/django/urls/resolvers.py", line 398, in urlconf_module
    return import_module(self.urlconf_name)
  File "/root/.virtualenvs/task/lib/python3.5/importlib/__init__.py", line 126, in import_module
    return _bootstrap._gcd_import(name[level:], package, level)
  File "<frozen importlib._bootstrap>", line 986, in _gcd_import
  File "<frozen importlib._bootstrap>", line 969, in _find_and_load
  File "<frozen importlib._bootstrap>", line 958, in _find_and_load_unlocked
  File "<frozen importlib._bootstrap>", line 673, in _load_unlocked
  File "<frozen importlib._bootstrap_external>", line 665, in exec_module
  File "<frozen importlib._bootstrap>", line 222, in _call_with_frames_removed
  File "/root/Up_down_chain/up_down_chain/up_down_chain/urls.py", line 36, in <module>
    url(r'^pay/',include('Pays.urls')),
  File "/root/.virtualenvs/task/lib/python3.5/site-packages/django/conf/urls/__init__.py", line 50, in include
    urlconf_module = import_module(urlconf_module)
  File "/root/.virtualenvs/task/lib/python3.5/importlib/__init__.py", line 126, in import_module
    return _bootstrap._gcd_import(name[level:], package, level)
  File "<frozen importlib._bootstrap>", line 986, in _gcd_import
  File "<frozen importlib._bootstrap>", line 969, in _find_and_load
  File "<frozen importlib._bootstrap>", line 958, in _find_and_load_unlocked
  File "<frozen importlib._bootstrap>", line 673, in _load_unlocked
  File "<frozen importlib._bootstrap_external>", line 665, in exec_module
  File "<frozen importlib._bootstrap>", line 222, in _call_with_frames_removed
  File "/root/Up_down_chain/up_down_chain/up_down_chain/app/Pays/urls.py", line 3, in <module>
    from . import views
  File "/root/Up_down_chain/up_down_chain/up_down_chain/app/Pays/views.py", line 3, in <module>
    from .serializables import PaySerializers,SmsCallbackSerializers, RechargeSerializers, PaymentSerializers
ImportError: cannot import name 'SmsCallbackSerializers'
Performing system checks...

<module 'os' from '/root/.virtualenvs/task/lib/python3.5/os.py'>
Unhandled exception in thread started by <function check_errors.<locals>.wrapper at 0x7f626f1db620>
Traceback (most recent call last):
  File "/root/.virtualenvs/task/lib/python3.5/site-packages/django/utils/autoreload.py", line 228, in wrapper
    fn(*args, **kwargs)
  File "/root/.virtualenvs/task/lib/python3.5/site-packages/django/core/management/commands/runserver.py", line 124, in inner_run
    self.check(display_num_errors=True)
  File "/root/.virtualenvs/task/lib/python3.5/site-packages/django/core/management/base.py", line 359, in check
    include_deployment_checks=include_deployment_checks,
  File "/root/.virtualenvs/task/lib/python3.5/site-packages/django/core/management/base.py", line 346, in _run_checks
    return checks.run_checks(**kwargs)
  File "/root/.virtualenvs/task/lib/python3.5/site-packages/django/core/checks/registry.py", line 81, in run_checks
    new_errors = check(app_configs=app_configs)
  File "/root/.virtualenvs/task/lib/python3.5/site-packages/django/core/checks/urls.py", line 16, in check_url_config
    return check_resolver(resolver)
  File "/root/.virtualenvs/task/lib/python3.5/site-packages/django/core/checks/urls.py", line 26, in check_resolver
    return check_method()
  File "/root/.virtualenvs/task/lib/python3.5/site-packages/django/urls/resolvers.py", line 254, in check
    for pattern in self.url_patterns:
  File "/root/.virtualenvs/task/lib/python3.5/site-packages/django/utils/functional.py", line 35, in __get__
    res = instance.__dict__[self.name] = self.func(instance)
  File "/root/.virtualenvs/task/lib/python3.5/site-packages/django/urls/resolvers.py", line 405, in url_patterns
    patterns = getattr(self.urlconf_module, "urlpatterns", self.urlconf_module)
  File "/root/.virtualenvs/task/lib/python3.5/site-packages/django/utils/functional.py", line 35, in __get__
    res = instance.__dict__[self.name] = self.func(instance)
  File "/root/.virtualenvs/task/lib/python3.5/site-packages/django/urls/resolvers.py", line 398, in urlconf_module
    return import_module(self.urlconf_name)
  File "/root/.virtualenvs/task/lib/python3.5/importlib/__init__.py", line 126, in import_module
    return _bootstrap._gcd_import(name[level:], package, level)
  File "<frozen importlib._bootstrap>", line 986, in _gcd_import
  File "<frozen importlib._bootstrap>", line 969, in _find_and_load
  File "<frozen importlib._bootstrap>", line 958, in _find_and_load_unlocked
  File "<frozen importlib._bootstrap>", line 673, in _load_unlocked
  File "<frozen importlib._bootstrap_external>", line 665, in exec_module
  File "<frozen importlib._bootstrap>", line 222, in _call_with_frames_removed
  File "/root/Up_down_chain/up_down_chain/up_down_chain/urls.py", line 36, in <module>
    url(r'^pay/',include('Pays.urls')),
  File "/root/.virtualenvs/task/lib/python3.5/site-packages/django/conf/urls/__init__.py", line 50, in include
    urlconf_module = import_module(urlconf_module)
  File "/root/.virtualenvs/task/lib/python3.5/importlib/__init__.py", line 126, in import_module
    return _bootstrap._gcd_import(name[level:], package, level)
  File "<frozen importlib._bootstrap>", line 986, in _gcd_import
  File "<frozen importlib._bootstrap>", line 969, in _find_and_load
  File "<frozen importlib._bootstrap>", line 958, in _find_and_load_unlocked
  File "<frozen importlib._bootstrap>", line 673, in _load_unlocked
  File "<frozen importlib._bootstrap_external>", line 665, in exec_module
  File "<frozen importlib._bootstrap>", line 222, in _call_with_frames_removed
  File "/root/Up_down_chain/up_down_chain/up_down_chain/app/Pays/urls.py", line 3, in <module>
    from . import views
  File "/root/Up_down_chain/up_down_chain/up_down_chain/app/Pays/views.py", line 70, in <module>
    class RechargeMent(GenericAPIView):
  File "/root/Up_down_chain/up_down_chain/up_down_chain/app/Pays/views.py", line 73, in RechargeMent
    queryset = RechargeModel.objects.all()
NameError: name 'RechargeModel' is not defined
Performing system checks...

<module 'os' from '/root/.virtualenvs/task/lib/python3.5/os.py'>
Performing system checks...

<module 'os' from '/root/.virtualenvs/task/lib/python3.5/os.py'>
System check identified no issues (0 silenced).

You have 9 unapplied migration(s). Your project may not work properly until you apply the migrations for app(s): Chainring, Contact, Enterprise, Industry, Monitor, Subseribe, Users.
Run 'python manage.py migrate' to apply them.
June 27, 2019 - 22:01:57
Django version 1.11.11, using settings 'up_down_chain.settings'
Starting development server at http://10.10.10.6:8001/
Quit the server with CONTROL-C.
{'user_id': 8, 'email': '', 'exp': 1562829966, 'username': 'oO5Eq6Gii1YiUQ2r_PBdgq8swz3Q'}
index/info
{'user_id': 8, 'email': '', 'exp': 1562829966, 'username': 'oO5Eq6Gii1YiUQ2r_PBdgq8swz3Q'}
index/info
{'user_id': 8, 'email': '', 'exp': 1562829966, 'username': 'oO5Eq6Gii1YiUQ2r_PBdgq8swz3Q'}
index/info
{'user_id': 8, 'email': '', 'exp': 1562829966, 'username': 'oO5Eq6Gii1YiUQ2r_PBdgq8swz3Q'}
index/info
{'user_id': 8, 'email': '', 'exp': 1562829966, 'username': 'oO5Eq6Gii1YiUQ2r_PBdgq8swz3Q'}
index/info
{'user_id': 8, 'email': '', 'exp': 1562829966, 'username': 'oO5Eq6Gii1YiUQ2r_PBdgq8swz3Q'}
index/info
{'user_id': 8, 'email': '', 'exp': 1562829966, 'username': 'oO5Eq6Gii1YiUQ2r_PBdgq8swz3Q'}
index/info
{'user_id': 8, 'email': '', 'exp': 1562829966, 'username': 'oO5Eq6Gii1YiUQ2r_PBdgq8swz3Q'}
index/info
{'user_id': 8, 'email': '', 'exp': 1562829966, 'username': 'oO5Eq6Gii1YiUQ2r_PBdgq8swz3Q'}
index/info
{'user_id': 8, 'email': '', 'exp': 1562829966, 'username': 'oO5Eq6Gii1YiUQ2r_PBdgq8swz3Q'}
index/info
{'user_id': 8, 'email': '', 'exp': 1562829966, 'username': 'oO5Eq6Gii1YiUQ2r_PBdgq8swz3Q'}
index/info
{'user_id': 8, 'email': '', 'exp': 1562829966, 'username': 'oO5Eq6Gii1YiUQ2r_PBdgq8swz3Q'}
index/info
{'user_id': 8, 'email': '', 'exp': 1562829966, 'username': 'oO5Eq6Gii1YiUQ2r_PBdgq8swz3Q'}
index/info
{'user_id': 8, 'email': '', 'exp': 1562829966, 'username': 'oO5Eq6Gii1YiUQ2r_PBdgq8swz3Q'}
index/info
{'user_id': 8, 'email': '', 'exp': 1562829966, 'username': 'oO5Eq6Gii1YiUQ2r_PBdgq8swz3Q'}
index/info
{'user_id': 8, 'email': '', 'exp': 1562829966, 'username': 'oO5Eq6Gii1YiUQ2r_PBdgq8swz3Q'}
index/info
{'user_id': 8, 'email': '', 'exp': 1562829966, 'username': 'oO5Eq6Gii1YiUQ2r_PBdgq8swz3Q'}
index/info
{'user_id': 8, 'email': '', 'exp': 1562829966, 'username': 'oO5Eq6Gii1YiUQ2r_PBdgq8swz3Q'}
index/info
{'user_id': 2, 'email': '', 'exp': 1562814155, 'username': 'oO5Eq6O7mAbjOZ6KHTgbj6smmG1M'}
index/info
{'email': '', 'user_id': 2, 'username': 'oO5Eq6O7mAbjOZ6KHTgbj6smmG1M', 'exp': 1562973396}
index/info
{'email': '', 'user_id': 2, 'username': 'oO5Eq6O7mAbjOZ6KHTgbj6smmG1M', 'exp': 1562973396}
index/info
{'email': '', 'user_id': 2, 'username': 'oO5Eq6O7mAbjOZ6KHTgbj6smmG1M', 'exp': 1562973396}
index/info
{'email': '', 'user_id': 2, 'username': 'oO5Eq6O7mAbjOZ6KHTgbj6smmG1M', 'exp': 1562973396}
index/info
{'user_id': 8, 'email': '', 'exp': 1562829966, 'username': 'oO5Eq6Gii1YiUQ2r_PBdgq8swz3Q'}
index/info
{'user_id': 8, 'email': '', 'exp': 1562829966, 'username': 'oO5Eq6Gii1YiUQ2r_PBdgq8swz3Q'}
index/info
{'user_id': 8, 'email': '', 'exp': 1562829966, 'username': 'oO5Eq6Gii1YiUQ2r_PBdgq8swz3Q'}
index/info
{'user_id': 8, 'email': '', 'exp': 1562829966, 'username': 'oO5Eq6Gii1YiUQ2r_PBdgq8swz3Q'}
index/info
{'user_id': 8, 'email': '', 'exp': 1562829966, 'username': 'oO5Eq6Gii1YiUQ2r_PBdgq8swz3Q'}
index/info
{'user_id': 8, 'email': '', 'exp': 1562829966, 'username': 'oO5Eq6Gii1YiUQ2r_PBdgq8swz3Q'}
index/info
{'user_id': 8, 'email': '', 'exp': 1562829966, 'username': 'oO5Eq6Gii1YiUQ2r_PBdgq8swz3Q'}
index/info
{'user_id': 8, 'email': '', 'exp': 1562829966, 'username': 'oO5Eq6Gii1YiUQ2r_PBdgq8swz3Q'}
index/info
{'user_id': 8, 'email': '', 'exp': 1562829966, 'username': 'oO5Eq6Gii1YiUQ2r_PBdgq8swz3Q'}
index/info
{'user_id': 8, 'email': '', 'exp': 1562829966, 'username': 'oO5Eq6Gii1YiUQ2r_PBdgq8swz3Q'}
index/info
{'user_id': 8, 'email': '', 'exp': 1562829966, 'username': 'oO5Eq6Gii1YiUQ2r_PBdgq8swz3Q'}
index/info
{'email': '', 'user_id': 8, 'username': 'oO5Eq6Gii1YiUQ2r_PBdgq8swz3Q', 'exp': 1562976585}
index/info
{'email': '', 'user_id': 8, 'username': 'oO5Eq6Gii1YiUQ2r_PBdgq8swz3Q', 'exp': 1562976585}
index/info
{'email': '', 'user_id': 8, 'username': 'oO5Eq6Gii1YiUQ2r_PBdgq8swz3Q', 'exp': 1562976585}
{'email': '', 'user_id': 13, 'username': 'oO5Eq6NGE1zV94yoHgLZnhcAJNOc', 'exp': 1562977496}
index/info
{'email': '', 'user_id': 13, 'username': 'oO5Eq6NGE1zV94yoHgLZnhcAJNOc', 'exp': 1562977496}
index/info
{'email': '', 'user_id': 13, 'username': 'oO5Eq6NGE1zV94yoHgLZnhcAJNOc', 'exp': 1562977496}
index/info
{'email': '', 'user_id': 4, 'username': 'oO5Eq6E3q5FVpaxHq8blDysfnm4c', 'exp': 1562977671}
index/info
{'email': '', 'user_id': 7, 'username': 'oO5Eq6A0toEk2gINhc7TPMf9no24', 'exp': 1562977678}
index/info
{'email': '', 'user_id': 7, 'username': 'oO5Eq6A0toEk2gINhc7TPMf9no24', 'exp': 1562977678}
index/info
{'email': '', 'user_id': 4, 'username': 'oO5Eq6E3q5FVpaxHq8blDysfnm4c', 'exp': 1562977671}
index/info
{'email': '', 'user_id': 13, 'username': 'oO5Eq6NGE1zV94yoHgLZnhcAJNOc', 'exp': 1562977496}
index/info
{'email': '', 'user_id': 13, 'username': 'oO5Eq6NGE1zV94yoHgLZnhcAJNOc', 'exp': 1562977496}
index/info
{'email': '', 'user_id': 13, 'username': 'oO5Eq6NGE1zV94yoHgLZnhcAJNOc', 'exp': 1562977496}
index/info
{'user_id': 6, 'email': '', 'exp': 1562913786, 'username': 'oO5Eq6MHEyTk49So10INgTgtNCbQ'}
index/info
{'email': '', 'user_id': 8, 'username': 'oO5Eq6Gii1YiUQ2r_PBdgq8swz3Q', 'exp': 1562976585}
index/info
{'email': '', 'user_id': 8, 'username': 'oO5Eq6Gii1YiUQ2r_PBdgq8swz3Q', 'exp': 1562976585}
index/info
{'user_id': 7, 'email': '', 'exp': 1562934412, 'username': 'oO5Eq6A0toEk2gINhc7TPMf9no24'}
index/info
{'user_id': 7, 'email': '', 'exp': 1562934412, 'username': 'oO5Eq6A0toEk2gINhc7TPMf9no24'}
index/info
{'user_id': 7, 'email': '', 'exp': 1562934412, 'username': 'oO5Eq6A0toEk2gINhc7TPMf9no24'}
index/info
{'email': '', 'user_id': 4, 'username': 'oO5Eq6E3q5FVpaxHq8blDysfnm4c', 'exp': 1562978484}
index/info
{'email': '', 'user_id': 13, 'username': 'oO5Eq6NGE1zV94yoHgLZnhcAJNOc', 'exp': 1562977496}
index/info
{'user_id': 6, 'email': '', 'exp': 1562913786, 'username': 'oO5Eq6MHEyTk49So10INgTgtNCbQ'}
{'user_id': 6, 'email': '', 'exp': 1562913786, 'username': 'oO5Eq6MHEyTk49So10INgTgtNCbQ'}
{'email': '', 'user_id': 13, 'username': 'oO5Eq6NGE1zV94yoHgLZnhcAJNOc', 'exp': 1562977496}
index/info
{'email': '', 'user_id': 4, 'username': 'oO5Eq6E3q5FVpaxHq8blDysfnm4c', 'exp': 1562978484}
index/info
{'user_id': 7, 'email': '', 'exp': 1562934412, 'username': 'oO5Eq6A0toEk2gINhc7TPMf9no24'}
index/info
{'user_id': 7, 'email': '', 'exp': 1562934412, 'username': 'oO5Eq6A0toEk2gINhc7TPMf9no24'}
index/info
{'email': '', 'user_id': 13, 'username': 'oO5Eq6NGE1zV94yoHgLZnhcAJNOc', 'exp': 1562977496}
index/info
{'email': '', 'user_id': 13, 'username': 'oO5Eq6NGE1zV94yoHgLZnhcAJNOc', 'exp': 1562977496}
index/info
{'email': '', 'user_id': 13, 'username': 'oO5Eq6NGE1zV94yoHgLZnhcAJNOc', 'exp': 1562977496}
index/info
{'email': '', 'user_id': 13, 'username': 'oO5Eq6NGE1zV94yoHgLZnhcAJNOc', 'exp': 1562977496}
index/info
{'email': '', 'user_id': 13, 'username': 'oO5Eq6NGE1zV94yoHgLZnhcAJNOc', 'exp': 1562977496}
index/info
{'email': '', 'user_id': 13, 'username': 'oO5Eq6NGE1zV94yoHgLZnhcAJNOc', 'exp': 1562977496}
index/info
{'email': '', 'user_id': 1, 'username': 'oO5Eq6EH5u1mqtr3keouqMjs4zak', 'exp': 1562936873}
index/info
{'email': '', 'user_id': 1, 'username': 'oO5Eq6EH5u1mqtr3keouqMjs4zak', 'exp': 1562936873}
index/info
{'email': '', 'user_id': 1, 'username': 'oO5Eq6EH5u1mqtr3keouqMjs4zak', 'exp': 1562979589}
index/info
{'email': '', 'user_id': 7, 'username': 'oO5Eq6A0toEk2gINhc7TPMf9no24', 'exp': 1562979797}
index/info
{'email': '', 'user_id': 1, 'username': 'oO5Eq6EH5u1mqtr3keouqMjs4zak', 'exp': 1562979589}
index/info
{'email': '', 'user_id': 1, 'username': 'oO5Eq6EH5u1mqtr3keouqMjs4zak', 'exp': 1562979589}
index/info
{'email': '', 'user_id': 2, 'username': 'oO5Eq6O7mAbjOZ6KHTgbj6smmG1M', 'exp': 1562980061}
index/info
{'email': '', 'user_id': 7, 'username': 'oO5Eq6A0toEk2gINhc7TPMf9no24', 'exp': 1562979797}
index/info
{'email': '', 'user_id': 2, 'username': 'oO5Eq6O7mAbjOZ6KHTgbj6smmG1M', 'exp': 1562980061}
index/info
{'email': '', 'user_id': 2, 'username': 'oO5Eq6O7mAbjOZ6KHTgbj6smmG1M', 'exp': 1562980061}
index/info
{'email': '', 'user_id': 1, 'username': 'oO5Eq6EH5u1mqtr3keouqMjs4zak', 'exp': 1562979589}
index/info
{'user_id': 7, 'email': '', 'exp': 1562934412, 'username': 'oO5Eq6A0toEk2gINhc7TPMf9no24'}
index/info
{'user_id': 6, 'email': '', 'exp': 1562913786, 'username': 'oO5Eq6MHEyTk49So10INgTgtNCbQ'}
index/info
{'user_id': 6, 'email': '', 'exp': 1562913786, 'username': 'oO5Eq6MHEyTk49So10INgTgtNCbQ'}
index/info
{'user_id': 6, 'email': '', 'exp': 1562913786, 'username': 'oO5Eq6MHEyTk49So10INgTgtNCbQ'}
index/info
{'user_id': 6, 'email': '', 'exp': 1562913786, 'username': 'oO5Eq6MHEyTk49So10INgTgtNCbQ'}
index/info
{'user_id': 6, 'email': '', 'exp': 1562913786, 'username': 'oO5Eq6MHEyTk49So10INgTgtNCbQ'}
index/info
{'user_id': 7, 'email': '', 'exp': 1562934412, 'username': 'oO5Eq6A0toEk2gINhc7TPMf9no24'}
index/info
{'user_id': 7, 'email': '', 'exp': 1562934412, 'username': 'oO5Eq6A0toEk2gINhc7TPMf9no24'}
index/info
{'user_id': 7, 'email': '', 'exp': 1562934412, 'username': 'oO5Eq6A0toEk2gINhc7TPMf9no24'}
index/info
{'user_id': 7, 'email': '', 'exp': 1562934412, 'username': 'oO5Eq6A0toEk2gINhc7TPMf9no24'}
index/info
{'email': '', 'user_id': 1, 'username': 'oO5Eq6EH5u1mqtr3keouqMjs4zak', 'exp': 1562982153}
index/info
{'email': '', 'user_id': 1, 'username': 'oO5Eq6EH5u1mqtr3keouqMjs4zak', 'exp': 1562982258}
index/info
{'user_id': 7, 'email': '', 'exp': 1562934412, 'username': 'oO5Eq6A0toEk2gINhc7TPMf9no24'}
index/info
{'user_id': 7, 'email': '', 'exp': 1562934412, 'username': 'oO5Eq6A0toEk2gINhc7TPMf9no24'}
index/info
{'user_id': 7, 'email': '', 'exp': 1562934412, 'username': 'oO5Eq6A0toEk2gINhc7TPMf9no24'}
index/info
{'user_id': 7, 'email': '', 'exp': 1562934412, 'username': 'oO5Eq6A0toEk2gINhc7TPMf9no24'}
index/info
{'user_id': 7, 'email': '', 'exp': 1562934412, 'username': 'oO5Eq6A0toEk2gINhc7TPMf9no24'}
index/info
{'user_id': 7, 'email': '', 'exp': 1562934412, 'username': 'oO5Eq6A0toEk2gINhc7TPMf9no24'}
index/info
{'user_id': 7, 'email': '', 'exp': 1562934412, 'username': 'oO5Eq6A0toEk2gINhc7TPMf9no24'}
index/info
{'user_id': 7, 'email': '', 'exp': 1562934412, 'username': 'oO5Eq6A0toEk2gINhc7TPMf9no24'}
index/info
{'user_id': 7, 'email': '', 'exp': 1562934412, 'username': 'oO5Eq6A0toEk2gINhc7TPMf9no24'}
index/info
{'user_id': 7, 'email': '', 'exp': 1562934412, 'username': 'oO5Eq6A0toEk2gINhc7TPMf9no24'}
index/info
{'user_id': 7, 'email': '', 'exp': 1562934412, 'username': 'oO5Eq6A0toEk2gINhc7TPMf9no24'}
index/info
{'user_id': 7, 'email': '', 'exp': 1562934412, 'username': 'oO5Eq6A0toEk2gINhc7TPMf9no24'}
index/info
{'user_id': 7, 'email': '', 'exp': 1562934412, 'username': 'oO5Eq6A0toEk2gINhc7TPMf9no24'}
index/info
{'email': '', 'user_id': 1, 'username': 'oO5Eq6EH5u1mqtr3keouqMjs4zak', 'exp': 1562982393}
index/info
{'email': '', 'user_id': 1, 'username': 'oO5Eq6EH5u1mqtr3keouqMjs4zak', 'exp': 1562982393}
index/info
{'user_id': 7, 'email': '', 'exp': 1562934412, 'username': 'oO5Eq6A0toEk2gINhc7TPMf9no24'}
index/info
{'email': '', 'user_id': 1, 'username': 'oO5Eq6EH5u1mqtr3keouqMjs4zak', 'exp': 1562982393}
index/info
{'email': '', 'user_id': 1, 'username': 'oO5Eq6EH5u1mqtr3keouqMjs4zak', 'exp': 1562983836}
index/info
{'user_id': 7, 'email': '', 'exp': 1562934412, 'username': 'oO5Eq6A0toEk2gINhc7TPMf9no24'}
index/info
{'email': '', 'user_id': 1, 'username': 'oO5Eq6EH5u1mqtr3keouqMjs4zak', 'exp': 1562983883}
index/info
{'user_id': 7, 'email': '', 'exp': 1562934412, 'username': 'oO5Eq6A0toEk2gINhc7TPMf9no24'}
index/info
{'email': '', 'user_id': 1, 'username': 'oO5Eq6EH5u1mqtr3keouqMjs4zak', 'exp': 1562984352}
index/info
{'email': '', 'user_id': 1, 'username': 'oO5Eq6EH5u1mqtr3keouqMjs4zak', 'exp': 1562984352}
index/info
{'email': '', 'user_id': 1, 'username': 'oO5Eq6EH5u1mqtr3keouqMjs4zak', 'exp': 1562984423}
index/info
{'email': '', 'user_id': 1, 'username': 'oO5Eq6EH5u1mqtr3keouqMjs4zak', 'exp': 1562984530}
index/info
{'user_id': 7, 'email': '', 'exp': 1562934412, 'username': 'oO5Eq6A0toEk2gINhc7TPMf9no24'}
index/info
{'user_id': 7, 'email': '', 'exp': 1562934412, 'username': 'oO5Eq6A0toEk2gINhc7TPMf9no24'}
index/info
{'email': '', 'user_id': 1, 'username': 'oO5Eq6EH5u1mqtr3keouqMjs4zak', 'exp': 1562984610}
index/info
{'email': '', 'user_id': 1, 'username': 'oO5Eq6EH5u1mqtr3keouqMjs4zak', 'exp': 1562984774}
index/info
{'email': '', 'user_id': 1, 'username': 'oO5Eq6EH5u1mqtr3keouqMjs4zak', 'exp': 1562984791}
index/info
{'email': '', 'user_id': 1, 'username': 'oO5Eq6EH5u1mqtr3keouqMjs4zak', 'exp': 1562984813}
index/info
{'email': '', 'user_id': 1, 'username': 'oO5Eq6EH5u1mqtr3keouqMjs4zak', 'exp': 1562984813}
index/info
{'email': '', 'user_id': 1, 'username': 'oO5Eq6EH5u1mqtr3keouqMjs4zak', 'exp': 1562984813}
index/info
{'email': '', 'user_id': 1, 'username': 'oO5Eq6EH5u1mqtr3keouqMjs4zak', 'exp': 1562984867}
index/info
{'email': '', 'user_id': 1, 'username': 'oO5Eq6EH5u1mqtr3keouqMjs4zak', 'exp': 1562984892}
index/info
{'email': '', 'user_id': 1, 'username': 'oO5Eq6EH5u1mqtr3keouqMjs4zak', 'exp': 1562984892}
index/info
{'email': '', 'user_id': 1, 'username': 'oO5Eq6EH5u1mqtr3keouqMjs4zak', 'exp': 1562984955}
index/info
{'email': '', 'user_id': 1, 'username': 'oO5Eq6EH5u1mqtr3keouqMjs4zak', 'exp': 1562985014}
index/info
{'user_id': 7, 'email': '', 'exp': 1562934412, 'username': 'oO5Eq6A0toEk2gINhc7TPMf9no24'}
index/info
{'email': '', 'user_id': 1, 'username': 'oO5Eq6EH5u1mqtr3keouqMjs4zak', 'exp': 1562985125}
index/info
{'email': '', 'user_id': 1, 'username': 'oO5Eq6EH5u1mqtr3keouqMjs4zak', 'exp': 1562985225}
index/info
{'email': '', 'user_id': 13, 'username': 'oO5Eq6NGE1zV94yoHgLZnhcAJNOc', 'exp': 1562985536}
index/info
{'email': '', 'user_id': 13, 'username': 'oO5Eq6NGE1zV94yoHgLZnhcAJNOc', 'exp': 1562985536}
index/info
{'email': '', 'user_id': 13, 'username': 'oO5Eq6NGE1zV94yoHgLZnhcAJNOc', 'exp': 1562985536}
index/info
{'email': '', 'user_id': 7, 'username': 'oO5Eq6A0toEk2gINhc7TPMf9no24', 'exp': 1562979797}
index/info
{'user_id': 7, 'email': '', 'exp': 1562934412, 'username': 'oO5Eq6A0toEk2gINhc7TPMf9no24'}
index/info
{'email': '', 'user_id': 27, 'username': 'oO5Eq6N1zrGhong-SZOGc8UfZDeI', 'exp': 1562985897}
index/info
{'email': '', 'user_id': 8, 'username': 'oO5Eq6Gii1YiUQ2r_PBdgq8swz3Q', 'exp': 1562976585}
index/info
{'email': '', 'user_id': 8, 'username': 'oO5Eq6Gii1YiUQ2r_PBdgq8swz3Q', 'exp': 1562976585}
index/info
{'email': '', 'user_id': 8, 'username': 'oO5Eq6Gii1YiUQ2r_PBdgq8swz3Q', 'exp': 1562976585}
index/info
{'email': '', 'user_id': 8, 'username': 'oO5Eq6Gii1YiUQ2r_PBdgq8swz3Q', 'exp': 1562976585}
index/info
{'user_id': 6, 'email': '', 'exp': 1562913786, 'username': 'oO5Eq6MHEyTk49So10INgTgtNCbQ'}
index/info
{'email': '', 'user_id': 8, 'username': 'oO5Eq6Gii1YiUQ2r_PBdgq8swz3Q', 'exp': 1562976585}
index/info
{'user_id': 6, 'email': '', 'exp': 1562913786, 'username': 'oO5Eq6MHEyTk49So10INgTgtNCbQ'}
index/info
{'user_id': 6, 'email': '', 'exp': 1562913786, 'username': 'oO5Eq6MHEyTk49So10INgTgtNCbQ'}
index/info
{'user_id': 6, 'email': '', 'exp': 1562913786, 'username': 'oO5Eq6MHEyTk49So10INgTgtNCbQ'}
index/info
{'email': '', 'user_id': 8, 'username': 'oO5Eq6Gii1YiUQ2r_PBdgq8swz3Q', 'exp': 1562976585}
users/certification
{'email': '', 'user_id': 8, 'username': 'oO5Eq6Gii1YiUQ2r_PBdgq8swz3Q', 'exp': 1562976585}
users/certification
{'email': '', 'user_id': 8, 'username': 'oO5Eq6Gii1YiUQ2r_PBdgq8swz3Q', 'exp': 1562976585}
index/info
{'user_id': 6, 'email': '', 'exp': 1562913786, 'username': 'oO5Eq6MHEyTk49So10INgTgtNCbQ'}
index/info
{'user_id': 6, 'email': '', 'exp': 1562913786, 'username': 'oO5Eq6MHEyTk49So10INgTgtNCbQ'}
index/info
{'user_id': 6, 'email': '', 'exp': 1562913786, 'username': 'oO5Eq6MHEyTk49So10INgTgtNCbQ'}
index/info
{'email': '', 'user_id': 28, 'username': 'oO5Eq6NGE1zV94yoHgLZnhcAJNOc', 'exp': 1562987001}
index/info
{'email': '', 'user_id': 28, 'username': 'oO5Eq6NGE1zV94yoHgLZnhcAJNOc', 'exp': 1562987013}
index/info
{'user_id': 6, 'email': '', 'exp': 1562913786, 'username': 'oO5Eq6MHEyTk49So10INgTgtNCbQ'}
index/info
{'email': '', 'user_id': 28, 'username': 'oO5Eq6NGE1zV94yoHgLZnhcAJNOc', 'exp': 1562987013}
index/info
{'email': '', 'user_id': 28, 'username': 'oO5Eq6NGE1zV94yoHgLZnhcAJNOc', 'exp': 1562987013}
users/certification
{'email': '', 'user_id': 28, 'username': 'oO5Eq6NGE1zV94yoHgLZnhcAJNOc', 'exp': 1562987013}
{'contacts': '黄', 'phone': '13926293516', 'company_id': '7a7666bccea7404bf75b193498949407', 'code': '914401067594322044', 'avatar': '2019062811广州市为人软件科技有限公司.jpg', 'name': '广州市为人软件科技有限公司', 'user': <CustomerInformation: oO5Eq6NGE1zV94yoHgLZnhcAJNOc>, 'username': '阿伟'}
{'email': '', 'user_id': 28, 'username': 'oO5Eq6NGE1zV94yoHgLZnhcAJNOc', 'exp': 1562987013}
users/certification/pay
{'userid': <EnterpriseCertificationInfo: EnterpriseCertificationInfo object>}
111111111111111111
{'email': '', 'user_id': 28, 'username': 'oO5Eq6NGE1zV94yoHgLZnhcAJNOc', 'exp': 1562987013}
index/info
{'email': '', 'user_id': 28, 'username': 'oO5Eq6NGE1zV94yoHgLZnhcAJNOc', 'exp': 1562987013}
index/info
{'email': '', 'user_id': 28, 'username': 'oO5Eq6NGE1zV94yoHgLZnhcAJNOc', 'exp': 1562987013}
index/info
2019062721南昌嗯哼贸易有限公司.jpg
[Errno 2] No such file or directory: '/root/Up_down_chain/up_down_chain/static/2019062721南昌嗯哼贸易有限公司.jpg'
2019062811广州市为人软件科技有限公司.jpg
{'email': '', 'user_id': 28, 'username': 'oO5Eq6NGE1zV94yoHgLZnhcAJNOc', 'exp': 1562987013}
index/info
{'email': '', 'user_id': 28, 'username': 'oO5Eq6NGE1zV94yoHgLZnhcAJNOc', 'exp': 1562987013}
index/info
{'email': '', 'user_id': 6, 'username': 'oO5Eq6MHEyTk49So10INgTgtNCbQ', 'exp': 1562987943}
index/info
{'email': '', 'user_id': 28, 'username': 'oO5Eq6NGE1zV94yoHgLZnhcAJNOc', 'exp': 1562987013}
index/info
{'email': '', 'user_id': 28, 'username': 'oO5Eq6NGE1zV94yoHgLZnhcAJNOc', 'exp': 1562987013}
index/info
{'email': '', 'user_id': 28, 'username': 'oO5Eq6NGE1zV94yoHgLZnhcAJNOc', 'exp': 1562987013}
index/info
{'email': '', 'user_id': 28, 'username': 'oO5Eq6NGE1zV94yoHgLZnhcAJNOc', 'exp': 1562987013}
index/info
{'email': '', 'user_id': 28, 'username': 'oO5Eq6NGE1zV94yoHgLZnhcAJNOc', 'exp': 1562987013}
index/info
{'email': '', 'user_id': 28, 'username': 'oO5Eq6NGE1zV94yoHgLZnhcAJNOc', 'exp': 1562987013}
index/info
{'email': '', 'user_id': 28, 'username': 'oO5Eq6NGE1zV94yoHgLZnhcAJNOc', 'exp': 1562987013}
index/info
{'email': '', 'user_id': 7, 'username': 'oO5Eq6A0toEk2gINhc7TPMf9no24', 'exp': 1562979797}
index/info
{'email': '', 'user_id': 28, 'username': 'oO5Eq6NGE1zV94yoHgLZnhcAJNOc', 'exp': 1562987013}
index/info
{'email': '', 'user_id': 28, 'username': 'oO5Eq6NGE1zV94yoHgLZnhcAJNOc', 'exp': 1562987013}
{'email': '', 'user_id': 28, 'username': 'oO5Eq6NGE1zV94yoHgLZnhcAJNOc', 'exp': 1562987013}
{'email': '', 'user_id': 28, 'username': 'oO5Eq6NGE1zV94yoHgLZnhcAJNOc', 'exp': 1562987013}
{'email': '', 'user_id': 6, 'username': 'oO5Eq6MHEyTk49So10INgTgtNCbQ', 'exp': 1562987943}
index/info
{'email': '', 'user_id': 28, 'username': 'oO5Eq6NGE1zV94yoHgLZnhcAJNOc', 'exp': 1562987013}
{'email': '', 'user_id': 28, 'username': 'oO5Eq6NGE1zV94yoHgLZnhcAJNOc', 'exp': 1562987013}
{'email': '', 'user_id': 28, 'username': 'oO5Eq6NGE1zV94yoHgLZnhcAJNOc', 'exp': 1562987013}
{'email': '', 'user_id': 28, 'username': 'oO5Eq6NGE1zV94yoHgLZnhcAJNOc', 'exp': 1562987013}
index/info
{'email': '', 'user_id': 28, 'username': 'oO5Eq6NGE1zV94yoHgLZnhcAJNOc', 'exp': 1562987013}
index/info
{'email': '', 'user_id': 27, 'username': 'oO5Eq6N1zrGhong-SZOGc8UfZDeI', 'exp': 1562985897}
index/info
{'email': '', 'user_id': 6, 'username': 'oO5Eq6MHEyTk49So10INgTgtNCbQ', 'exp': 1562987943}
index/info
{'email': '', 'user_id': 28, 'username': 'oO5Eq6NGE1zV94yoHgLZnhcAJNOc', 'exp': 1562987013}
index/info
{'email': '', 'user_id': 6, 'username': 'oO5Eq6MHEyTk49So10INgTgtNCbQ', 'exp': 1562987943}
index/info
{'email': '', 'user_id': 6, 'username': 'oO5Eq6MHEyTk49So10INgTgtNCbQ', 'exp': 1562987943}
index/info
{'email': '', 'user_id': 28, 'username': 'oO5Eq6NGE1zV94yoHgLZnhcAJNOc', 'exp': 1562987013}
index/info
{'email': '', 'user_id': 28, 'username': 'oO5Eq6NGE1zV94yoHgLZnhcAJNOc', 'exp': 1562987013}
index/info
{'email': '', 'user_id': 28, 'username': 'oO5Eq6NGE1zV94yoHgLZnhcAJNOc', 'exp': 1562987013}
index/info
{'email': '', 'user_id': 28, 'username': 'oO5Eq6NGE1zV94yoHgLZnhcAJNOc', 'exp': 1562990960}
index/info
{'email': '', 'user_id': 29, 'username': 'oO5Eq6O3NuI8ZTqVYg8ycPLdLtiY', 'exp': 1562991989}
index/info
{'email': '', 'user_id': 29, 'username': 'oO5Eq6O3NuI8ZTqVYg8ycPLdLtiY', 'exp': 1562992055}
index/info
{'email': '', 'user_id': 4, 'username': 'oO5Eq6E3q5FVpaxHq8blDysfnm4c', 'exp': 1562994595}
index/info
{'email': '', 'user_id': 4, 'username': 'oO5Eq6E3q5FVpaxHq8blDysfnm4c', 'exp': 1562994595}
index/info
{'email': '', 'user_id': 4, 'username': 'oO5Eq6E3q5FVpaxHq8blDysfnm4c', 'exp': 1562994595}
index/info
{'email': '', 'user_id': 6, 'username': 'oO5Eq6MHEyTk49So10INgTgtNCbQ', 'exp': 1562995030}
index/info
{'email': '', 'user_id': 6, 'username': 'oO5Eq6MHEyTk49So10INgTgtNCbQ', 'exp': 1562995030}
index/info
{'email': '', 'user_id': 6, 'username': 'oO5Eq6MHEyTk49So10INgTgtNCbQ', 'exp': 1562995030}
index/info
{'email': '', 'user_id': 6, 'username': 'oO5Eq6MHEyTk49So10INgTgtNCbQ', 'exp': 1562995030}
index/info
{'email': '', 'user_id': 6, 'username': 'oO5Eq6MHEyTk49So10INgTgtNCbQ', 'exp': 1562995030}
index/info
{'email': '', 'user_id': 7, 'username': 'oO5Eq6A0toEk2gINhc7TPMf9no24', 'exp': 1562979797}
index/info
{'email': '', 'user_id': 6, 'username': 'oO5Eq6MHEyTk49So10INgTgtNCbQ', 'exp': 1562995030}
{'email': '', 'user_id': 6, 'username': 'oO5Eq6MHEyTk49So10INgTgtNCbQ', 'exp': 1562995030}
{'email': '', 'user_id': 6, 'username': 'oO5Eq6MHEyTk49So10INgTgtNCbQ', 'exp': 1562995030}
index/info
{'email': '', 'user_id': 6, 'username': 'oO5Eq6MHEyTk49So10INgTgtNCbQ', 'exp': 1562995030}
index/info
{'email': '', 'user_id': 6, 'username': 'oO5Eq6MHEyTk49So10INgTgtNCbQ', 'exp': 1562995030}
index/info
{'email': '', 'user_id': 6, 'username': 'oO5Eq6MHEyTk49So10INgTgtNCbQ', 'exp': 1562995030}
index/info
{'email': '', 'user_id': 6, 'username': 'oO5Eq6MHEyTk49So10INgTgtNCbQ', 'exp': 1562995030}
index/info
{'email': '', 'user_id': 6, 'username': 'oO5Eq6MHEyTk49So10INgTgtNCbQ', 'exp': 1562995030}
index/info
{'email': '', 'user_id': 6, 'username': 'oO5Eq6MHEyTk49So10INgTgtNCbQ', 'exp': 1562995030}
index/info
{'email': '', 'user_id': 6, 'username': 'oO5Eq6MHEyTk49So10INgTgtNCbQ', 'exp': 1562995030}
index/info
{'email': '', 'user_id': 6, 'username': 'oO5Eq6MHEyTk49So10INgTgtNCbQ', 'exp': 1562995030}
index/info
{'email': '', 'user_id': 6, 'username': 'oO5Eq6MHEyTk49So10INgTgtNCbQ', 'exp': 1562995030}
index/info
{'email': '', 'user_id': 6, 'username': 'oO5Eq6MHEyTk49So10INgTgtNCbQ', 'exp': 1562995030}
index/info
{'email': '', 'user_id': 6, 'username': 'oO5Eq6MHEyTk49So10INgTgtNCbQ', 'exp': 1562995030}
index/info
{'email': '', 'user_id': 6, 'username': 'oO5Eq6MHEyTk49So10INgTgtNCbQ', 'exp': 1562995030}
index/info
{'email': '', 'user_id': 6, 'username': 'oO5Eq6MHEyTk49So10INgTgtNCbQ', 'exp': 1562995030}
index/info
{'email': '', 'user_id': 6, 'username': 'oO5Eq6MHEyTk49So10INgTgtNCbQ', 'exp': 1562995030}
index/info
{'email': '', 'user_id': 4, 'username': 'oO5Eq6E3q5FVpaxHq8blDysfnm4c', 'exp': 1562994595}
index/info
{'email': '', 'user_id': 28, 'username': 'oO5Eq6NGE1zV94yoHgLZnhcAJNOc', 'exp': 1562987013}
index/info
{'email': '', 'user_id': 28, 'username': 'oO5Eq6NGE1zV94yoHgLZnhcAJNOc', 'exp': 1562987013}
{'email': '', 'user_id': 4, 'username': 'oO5Eq6E3q5FVpaxHq8blDysfnm4c', 'exp': 1562997423}
index/info
{'email': '', 'user_id': 4, 'username': 'oO5Eq6E3q5FVpaxHq8blDysfnm4c', 'exp': 1562997423}
index/info
{'email': '', 'user_id': 4, 'username': 'oO5Eq6E3q5FVpaxHq8blDysfnm4c', 'exp': 1562997423}
index/info
{'email': '', 'user_id': 4, 'username': 'oO5Eq6E3q5FVpaxHq8blDysfnm4c', 'exp': 1562997423}
index/info
{'email': '', 'user_id': 6, 'username': 'oO5Eq6MHEyTk49So10INgTgtNCbQ', 'exp': 1562995030}
index/info
{'email': '', 'user_id': 6, 'username': 'oO5Eq6MHEyTk49So10INgTgtNCbQ', 'exp': 1562995030}
index/info
{'email': '', 'user_id': 6, 'username': 'oO5Eq6MHEyTk49So10INgTgtNCbQ', 'exp': 1562995030}
index/info
{'email': '', 'user_id': 27, 'username': 'oO5Eq6N1zrGhong-SZOGc8UfZDeI', 'exp': 1562985897}
index/info
{'email': '', 'user_id': 27, 'username': 'oO5Eq6N1zrGhong-SZOGc8UfZDeI', 'exp': 1562985897}
{'user_id': 1, 'email': '', 'exp': 1562935708, 'username': 'oO5Eq6EH5u1mqtr3keouqMjs4zak'}
index/info
{'email': '', 'user_id': 27, 'username': 'oO5Eq6N1zrGhong-SZOGc8UfZDeI', 'exp': 1562985897}
users/certification
{'email': '', 'user_id': 27, 'username': 'oO5Eq6N1zrGhong-SZOGc8UfZDeI', 'exp': 1562985897}
{'email': '', 'user_id': 27, 'username': 'oO5Eq6N1zrGhong-SZOGc8UfZDeI', 'exp': 1562985897}
users/certification
{'email': '', 'user_id': 27, 'username': 'oO5Eq6N1zrGhong-SZOGc8UfZDeI', 'exp': 1562985897}
{'email': '', 'user_id': 27, 'username': 'oO5Eq6N1zrGhong-SZOGc8UfZDeI', 'exp': 1562985897}
users/certification
{'email': '', 'user_id': 27, 'username': 'oO5Eq6N1zrGhong-SZOGc8UfZDeI', 'exp': 1562985897}
{'contacts': '黄', 'phone': '13926293516', 'company_id': '3de7d2853a70399224034863c3e5211e', 'code': '914401041906493362', 'avatar': '2019062814广州市鼎力果店.jpg', 'name': '广州市鼎力果店', 'user': <CustomerInformation: oO5Eq6N1zrGhong-SZOGc8UfZDeI>, 'username': '上下链孵化助手'}
{'email': '', 'user_id': 27, 'username': 'oO5Eq6N1zrGhong-SZOGc8UfZDeI', 'exp': 1562985897}
users/certification/pay
{'userid': <EnterpriseCertificationInfo: EnterpriseCertificationInfo object>}
111111111111111111
{'email': '', 'user_id': 27, 'username': 'oO5Eq6N1zrGhong-SZOGc8UfZDeI', 'exp': 1562985897}
index/info
{'email': '', 'user_id': 27, 'username': 'oO5Eq6N1zrGhong-SZOGc8UfZDeI', 'exp': 1562985897}
index/info
Performing system checks...

<module 'os' from '/root/.virtualenvs/task/lib/python3.5/os.py'>
System check identified no issues (0 silenced).

You have 9 unapplied migration(s). Your project may not work properly until you apply the migrations for app(s): Chainring, Contact, Enterprise, Industry, Monitor, Subseribe, Users.
Run 'python manage.py migrate' to apply them.
June 28, 2019 - 14:34:42
Django version 1.11.11, using settings 'up_down_chain.settings'
Starting development server at http://10.10.10.6:8001/
Quit the server with CONTROL-C.
{'username': 'oO5Eq6N1zrGhong-SZOGc8UfZDeI', 'exp': 1562985897, 'email': '', 'user_id': 27}
index/info
{'username': 'oO5Eq6EH5u1mqtr3keouqMjs4zak', 'email': '', 'user_id': 1, 'exp': 1562935708}
index/info
{'username': 'oO5Eq6EH5u1mqtr3keouqMjs4zak', 'email': '', 'user_id': 1, 'exp': 1562935708}
{'username': 'oO5Eq6N1zrGhong-SZOGc8UfZDeI', 'exp': 1562985897, 'email': '', 'user_id': 27}
index/info
{'username': 'oO5Eq6N1zrGhong-SZOGc8UfZDeI', 'exp': 1562985897, 'email': '', 'user_id': 27}
index/info
Performing system checks...

<module 'os' from '/root/.virtualenvs/task/lib/python3.5/os.py'>
System check identified no issues (0 silenced).

You have 9 unapplied migration(s). Your project may not work properly until you apply the migrations for app(s): Chainring, Contact, Enterprise, Industry, Monitor, Subseribe, Users.
Run 'python manage.py migrate' to apply them.
June 28, 2019 - 14:44:40
Django version 1.11.11, using settings 'up_down_chain.settings'
Starting development server at http://10.10.10.6:8001/
Quit the server with CONTROL-C.
Performing system checks...

<module 'os' from '/root/.virtualenvs/task/lib/python3.5/os.py'>
System check identified no issues (0 silenced).

You have 9 unapplied migration(s). Your project may not work properly until you apply the migrations for app(s): Chainring, Contact, Enterprise, Industry, Monitor, Subseribe, Users.
Run 'python manage.py migrate' to apply them.
June 28, 2019 - 14:47:58
Django version 1.11.11, using settings 'up_down_chain.settings'
Starting development server at http://10.10.10.6:8001/
Quit the server with CONTROL-C.
Performing system checks...

<module 'os' from '/root/.virtualenvs/task/lib/python3.5/os.py'>
System check identified no issues (0 silenced).

You have 9 unapplied migration(s). Your project may not work properly until you apply the migrations for app(s): Chainring, Contact, Enterprise, Industry, Monitor, Subseribe, Users.
Run 'python manage.py migrate' to apply them.
June 28, 2019 - 14:57:10
Django version 1.11.11, using settings 'up_down_chain.settings'
Starting development server at http://10.10.10.6:8001/
Quit the server with CONTROL-C.
{'username': 'oO5Eq6EH5u1mqtr3keouqMjs4zak', 'email': '', 'exp': 1562935708, 'user_id': 1}
index/info
Unhandled exception in thread started by <function check_errors.<locals>.wrapper at 0x7ff7a4382950>
Traceback (most recent call last):
  File "/root/.virtualenvs/task/lib/python3.5/site-packages/django/utils/autoreload.py", line 228, in wrapper
    fn(*args, **kwargs)
  File "/root/.virtualenvs/task/lib/python3.5/site-packages/django/core/management/commands/runserver.py", line 124, in inner_run
    self.check(display_num_errors=True)
  File "/root/.virtualenvs/task/lib/python3.5/site-packages/django/core/management/base.py", line 359, in check
    include_deployment_checks=include_deployment_checks,
  File "/root/.virtualenvs/task/lib/python3.5/site-packages/django/core/management/base.py", line 346, in _run_checks
    return checks.run_checks(**kwargs)
  File "/root/.virtualenvs/task/lib/python3.5/site-packages/django/core/checks/registry.py", line 81, in run_checks
    new_errors = check(app_configs=app_configs)
  File "/root/.virtualenvs/task/lib/python3.5/site-packages/django/core/checks/urls.py", line 16, in check_url_config
    return check_resolver(resolver)
  File "/root/.virtualenvs/task/lib/python3.5/site-packages/django/core/checks/urls.py", line 26, in check_resolver
    return check_method()
  File "/root/.virtualenvs/task/lib/python3.5/site-packages/django/urls/resolvers.py", line 254, in check
    for pattern in self.url_patterns:
  File "/root/.virtualenvs/task/lib/python3.5/site-packages/django/utils/functional.py", line 35, in __get__
    res = instance.__dict__[self.name] = self.func(instance)
  File "/root/.virtualenvs/task/lib/python3.5/site-packages/django/urls/resolvers.py", line 405, in url_patterns
    patterns = getattr(self.urlconf_module, "urlpatterns", self.urlconf_module)
  File "/root/.virtualenvs/task/lib/python3.5/site-packages/django/utils/functional.py", line 35, in __get__
    res = instance.__dict__[self.name] = self.func(instance)
  File "/root/.virtualenvs/task/lib/python3.5/site-packages/django/urls/resolvers.py", line 398, in urlconf_module
    return import_module(self.urlconf_name)
  File "/root/.virtualenvs/task/lib/python3.5/importlib/__init__.py", line 126, in import_module
    return _bootstrap._gcd_import(name[level:], package, level)
  File "<frozen importlib._bootstrap>", line 986, in _gcd_import
  File "<frozen importlib._bootstrap>", line 969, in _find_and_load
  File "<frozen importlib._bootstrap>", line 958, in _find_and_load_unlocked
  File "<frozen importlib._bootstrap>", line 673, in _load_unlocked
  File "<frozen importlib._bootstrap_external>", line 665, in exec_module
  File "<frozen importlib._bootstrap>", line 222, in _call_with_frames_removed
  File "/root/Up_down_chain/up_down_chain/up_down_chain/urls.py", line 23, in <module>
    url(r'^index/', include('Enterprise.urls')),
  File "/root/.virtualenvs/task/lib/python3.5/site-packages/django/conf/urls/__init__.py", line 50, in include
    urlconf_module = import_module(urlconf_module)
  File "/root/.virtualenvs/task/lib/python3.5/importlib/__init__.py", line 126, in import_module
    return _bootstrap._gcd_import(name[level:], package, level)
  File "<frozen importlib._bootstrap>", line 986, in _gcd_import
  File "<frozen importlib._bootstrap>", line 969, in _find_and_load
  File "<frozen importlib._bootstrap>", line 958, in _find_and_load_unlocked
  File "<frozen importlib._bootstrap>", line 673, in _load_unlocked
  File "<frozen importlib._bootstrap_external>", line 665, in exec_module
  File "<frozen importlib._bootstrap>", line 222, in _call_with_frames_removed
  File "/root/Up_down_chain/up_down_chain/up_down_chain/app/Enterprise/urls.py", line 4, in <module>
    from . import views
  File "/root/Up_down_chain/up_down_chain/up_down_chain/app/Enterprise/views.py", line 70
    num = random.randint(1, 19)
      ^
IndentationError: expected an indented block
Performing system checks...

INFO basehttp 124 "GET /oauth/users?code=011Ivyf70oHnQF1xxAh70yIlf70IvyfX HTTP/1.0" 301 0
INFO basehttp 124 "GET /oauth/users/?code=011Ivyf70oHnQF1xxAh70yIlf70IvyfX HTTP/1.0" 200 384
INFO basehttp 124 "GET /users/get/update/reviewer/ HTTP/1.0" 200 4182
INFO basehttp 124 "GET /subscribe/info/?token=eyJhbGciOiJIUzI1NiIsInR5cCI6IkpXVCJ9.eyJ1c2VybmFtZSI6Im9PNUVxNkEwdG9FazJnSU5oYzdUUE1mOW5vMjQiLCJlbWFpbCI6IiIsImV4cCI6MTU2MzA4OTM0NSwidXNlcl9pZCI6N30.-y5FCNRodx_l5RCYuOEO_QZPgKV_Ymgd9PzZhUxU22s HTTP/1.0" 200 278
INFO basehttp 124 "GET /subscribe/search/ HTTP/1.0" 200 17
INFO basehttp 124 "GET /subscribe/search/?page=2 HTTP/1.0" 200 17
INFO basehttp 124 "GET /subscribe/search/?BidsAreaID=3,7&Title=%E6%95%99%E8%82%B2&page=1&page_size=12 HTTP/1.0" 200 3147
INFO basehttp 124 "GET /subscribe/search/?BidsAreaID=3,7&Title=%E6%95%99%E8%82%B2&page=3&page_size=12 HTTP/1.0" 200 2486
INFO basehttp 124 "GET /subscribe/search/?BidsAreaID=3,7&Title=%E6%95%99%E8%82%B2&page=4&page_size=12 HTTP/1.0" 200 15
INFO basehttp 124 "GET /subscribe/search/?BidsAreaID=3,7&Title=%E6%95%99%E8%82%B2&page=5&page_size=12 HTTP/1.0" 200 15
INFO basehttp 124 "GET /subscribe/search/?BidsAreaID=3,7&Title=%E6%95%99%E8%82%B2&page=6&page_size=12 HTTP/1.0" 200 15
INFO basehttp 124 "GET /subscribe/search/?BidsAreaID=3,7&Title=%E6%95%99%E8%82%B2&page=7&page_size=12 HTTP/1.0" 200 15
INFO basehttp 124 "GET /subscribe/search/?Title=&BidsAreaID=1&page=1&page_size=8 HTTP/1.0" 200 2725
INFO basehttp 124 "GET /subscribe/search/?BidsAreaID=3,7&Title=%E6%95%99%E8%82%B2&page=8&page_size=12 HTTP/1.0" 200 15
INFO basehttp 124 "GET /subscribe/search/?BidsAreaID=3,7&Title=%E6%95%99%E8%82%B2&page=9&page_size=12 HTTP/1.0" 200 15
INFO basehttp 124 "GET /subscribe/search/?BidsAreaID=3,7&Title=%E6%95%99%E8%82%B2&page=10&page_size=12 HTTP/1.0" 200 15
INFO basehttp 124 "GET /subscribe/search/?BidsAreaID=3,7&Title=%E6%95%99%E8%82%B2&page=11&page_size=12 HTTP/1.0" 200 15
INFO basehttp 124 "GET /subscribe/search/?BidsAreaID=3,7&Title=%E6%95%99%E8%82%B2&page=12&page_size=12 HTTP/1.0" 200 15
INFO basehttp 124 "GET /subscribe/search/?BidsAreaID=3,7&Title=%E6%95%99%E8%82%B2&page=13&page_size=12 HTTP/1.0" 200 15
INFO basehttp 124 "GET /subscribe/search?Title=&BidsAreaID=2&page=1&page_size=8 HTTP/1.0" 301 0
INFO basehttp 124 "GET /subscribe/search/?Title=&BidsAreaID=2&page=1&page_size=8 HTTP/1.0" 200 2860
INFO basehttp 124 "GET /subscribe/search/?BidsAreaID=3,7&Title=%E6%95%99%E8%82%B2&page=14&page_size=12 HTTP/1.0" 200 15
INFO basehttp 124 "GET /subscribe/search/?BidsAreaID=3,7&Title=%E6%95%99%E8%82%B2&page=15&page_size=12 HTTP/1.0" 200 15
INFO basehttp 124 "GET /subscribe/search?BidsAreaID=3,7&Title=%E6%95%99%E8%82%B2&page=16&page_size=12 HTTP/1.0" 301 0
INFO basehttp 124 "GET /subscribe/search/?BidsAreaID=3,7&Title=%E6%95%99%E8%82%B2&page=16&page_size=12 HTTP/1.0" 200 15
INFO basehttp 124 "GET /subscribe/search?BidsAreaID=3,7&Title=%E6%95%99%E8%82%B2&page=17&page_size=12 HTTP/1.0" 301 0
INFO basehttp 124 "GET /subscribe/search/?BidsAreaID=3,7&Title=%E6%95%99%E8%82%B2&page=17&page_size=12 HTTP/1.0" 200 15
INFO basehttp 124 "GET /subscribe/search?BidsAreaID=3,7&Title=%E6%95%99%E8%82%B2&page=18&page_size=12 HTTP/1.0" 301 0
INFO basehttp 124 "GET /subscribe/search/?BidsAreaID=3,7&Title=%E6%95%99%E8%82%B2&page=18&page_size=12 HTTP/1.0" 200 15
INFO basehttp 124 "GET /subscribe/search?BidsAreaID=3,7&Title=%E6%95%99%E8%82%B2&page=19&page_size=12 HTTP/1.0" 301 0
INFO basehttp 124 "GET /subscribe/search/?BidsAreaID=3,7&Title=%E6%95%99%E8%82%B2&page=19&page_size=12 HTTP/1.0" 200 15
INFO basehttp 124 "GET /subscribe/search?BidsAreaID=3,7&Title=%E6%95%99%E8%82%B2&page=20&page_size=12 HTTP/1.0" 301 0
INFO basehttp 124 "GET /subscribe/search/?BidsAreaID=3,7&Title=%E6%95%99%E8%82%B2&page=20&page_size=12 HTTP/1.0" 200 15
INFO basehttp 124 "GET /users/get/update/reviewer/ HTTP/1.0" 200 4182
INFO basehttp 124 "GET /subscribe/search?Title=&BidsAreaID=13,30,34&page=1&page_size=8 HTTP/1.0" 301 0
INFO basehttp 124 "GET /subscribe/search/?Title=&BidsAreaID=13,30,34&page=1&page_size=8 HTTP/1.0" 200 3087
INFO basehttp 124 "GET /subscribe/search?Title=&BidsAreaID=31&page=1&page_size=8 HTTP/1.0" 301 0
INFO basehttp 124 "GET /subscribe/search/?Title=&BidsAreaID=31&page=1&page_size=8 HTTP/1.0" 200 2868
INFO basehttp 124 "GET /users/get/update/reviewer/ HTTP/1.0" 200 4182
INFO basehttp 124 "GET /subscribe/search?BidsAreaID=3,7&Title=%E6%95%99%E8%82%B2&page=21&page_size=12 HTTP/1.0" 301 0
INFO basehttp 124 "GET /subscribe/search/?BidsAreaID=3,7&Title=%E6%95%99%E8%82%B2&page=21&page_size=12 HTTP/1.0" 200 15
INFO basehttp 124 "GET /subscribe/search?BidsAreaID=3,7&Title=%E6%95%99%E8%82%B2&page=22&page_size=12 HTTP/1.0" 301 0
INFO basehttp 124 "GET /subscribe/search/?BidsAreaID=3,7&Title=%E6%95%99%E8%82%B2&page=22&page_size=12 HTTP/1.0" 200 15
INFO basehttp 124 "GET /subscribe/search?BidsAreaID=3,7&Title=%E6%95%99%E8%82%B2&page=23&page_size=12 HTTP/1.0" 301 0
INFO basehttp 124 "GET /subscribe/search/?BidsAreaID=3,7&Title=%E6%95%99%E8%82%B2&page=23&page_size=12 HTTP/1.0" 200 15
INFO basehttp 124 "GET /subscribe/search?BidsAreaID=3,7&Title=%E6%95%99%E8%82%B2&page=24&page_size=12 HTTP/1.0" 301 0
INFO basehttp 124 "GET /subscribe/search/?BidsAreaID=3,7&Title=%E6%95%99%E8%82%B2&page=24&page_size=12 HTTP/1.0" 200 15
INFO basehttp 124 "GET /users/get/update/reviewer/ HTTP/1.0" 200 4182
INFO basehttp 124 "GET /subscribe/info/?token=eyJhbGciOiJIUzI1NiIsInR5cCI6IkpXVCJ9.eyJ1c2VybmFtZSI6Im9PNUVxNkEwdG9FazJnSU5oYzdUUE1mOW5vMjQiLCJlbWFpbCI6IiIsImV4cCI6MTU2MzA4OTM0NSwidXNlcl9pZCI6N30.-y5FCNRodx_l5RCYuOEO_QZPgKV_Ymgd9PzZhUxU22s HTTP/1.0" 200 278
INFO basehttp 124 "GET /subscribe/search/?page=2 HTTP/1.0" 200 17
INFO basehttp 124 "GET /subscribe/search/?BidsAreaID=3,7&Title=%E6%95%99%E8%82%B2&page=1&page_size=12 HTTP/1.0" 200 3147
INFO basehttp 124 "GET /subscribe/search?Title=&page=1&page_size=8 HTTP/1.0" 301 0
INFO basehttp 124 "GET /subscribe/search/?Title=&page=1&page_size=8 HTTP/1.0" 200 3021
INFO basehttp 124 "GET /subscribe/info/?token=eyJhbGciOiJIUzI1NiIsInR5cCI6IkpXVCJ9.eyJ1c2VybmFtZSI6Im9PNUVxNkEwdG9FazJnSU5oYzdUUE1mOW5vMjQiLCJlbWFpbCI6IiIsImV4cCI6MTU2MzA4OTM0NSwidXNlcl9pZCI6N30.-y5FCNRodx_l5RCYuOEO_QZPgKV_Ymgd9PzZhUxU22s HTTP/1.0" 200 278
INFO basehttp 124 "GET /subscribe/search/?Title=&page=1&page_size=8 HTTP/1.0" 200 3021
INFO basehttp 124 "GET /center/user/info?token=eyJ0eXAiOiJKV1QiLCJhbGciOiJIUzI1NiJ9.eyJ1c2VyX2lkIjozMSwiZXhwIjoxNTYzMDc1NzI2LCJ1c2VybmFtZSI6Im9PNUVxNk5HRTF6Vjk0eW9IZ0xabmhjQUpOT2MiLCJlbWFpbCI6IiJ9.fB8jOg14haVpH_LRidR_gOwwsH6JgZb8plTi9ewBDTE HTTP/1.0" 200 155
INFO basehttp 124 "GET /index/column/ HTTP/1.0" 200 65
INFO basehttp 124 "GET /index/industry/ HTTP/1.0" 200 8544
INFO basehttp 124 "GET /index/up/industrys/ HTTP/1.0" 200 6963
INFO basehttp 124 "GET /index/info/?token=eyJ0eXAiOiJKV1QiLCJhbGciOiJIUzI1NiJ9.eyJ1c2VyX2lkIjozMSwiZXhwIjoxNTYzMDc1NzI2LCJ1c2VybmFtZSI6Im9PNUVxNk5HRTF6Vjk0eW9IZ0xabmhjQUpOT2MiLCJlbWFpbCI6IiJ9.fB8jOg14haVpH_LRidR_gOwwsH6JgZb8plTi9ewBDTE HTTP/1.0" 200 190
ERROR exception 135 Internal Server Error: /index/basic/
Traceback (most recent call last):
  File "/root/.virtualenvs/task/lib/python3.5/site-packages/django/utils/datastructures.py", line 83, in __getitem__
    list_ = super(MultiValueDict, self).__getitem__(key)
KeyError: 'industryid'

During handling of the above exception, another exception occurred:

Traceback (most recent call last):
  File "/root/.virtualenvs/task/lib/python3.5/site-packages/django/core/handlers/exception.py", line 41, in inner
    response = get_response(request)
  File "/root/.virtualenvs/task/lib/python3.5/site-packages/django/core/handlers/base.py", line 187, in _get_response
    response = self.process_exception_by_middleware(e, request)
  File "/root/.virtualenvs/task/lib/python3.5/site-packages/django/core/handlers/base.py", line 185, in _get_response
    response = wrapped_callback(request, *callback_args, **callback_kwargs)
  File "/root/.virtualenvs/task/lib/python3.5/site-packages/django/views/decorators/csrf.py", line 58, in wrapped_view
    return view_func(*args, **kwargs)
  File "/root/.virtualenvs/task/lib/python3.5/site-packages/django/views/generic/base.py", line 68, in view
    return self.dispatch(request, *args, **kwargs)
  File "/root/.virtualenvs/task/lib/python3.5/site-packages/rest_framework/views.py", line 483, in dispatch
    response = self.handle_exception(exc)
  File "/root/.virtualenvs/task/lib/python3.5/site-packages/rest_framework/views.py", line 443, in handle_exception
    self.raise_uncaught_exception(exc)
  File "/root/.virtualenvs/task/lib/python3.5/site-packages/rest_framework/views.py", line 480, in dispatch
    response = handler(request, *args, **kwargs)
  File "/root/Up_down_chain/up_down_chain/up_down_chain/app/Enterprise/views.py", line 304, in get
    industryid = request.GET["industryid"]
  File "/root/.virtualenvs/task/lib/python3.5/site-packages/django/utils/datastructures.py", line 85, in __getitem__
    raise MultiValueDictKeyError(repr(key))
django.utils.datastructures.MultiValueDictKeyError: "'industryid'"
ERROR basehttp 124 "GET /index/basic/?enterpriseid=7a7666bccea7404bf75b193498949407 HTTP/1.0" 500 22202
Performing system checks...

<module 'os' from '/root/.virtualenvs/task/lib/python3.5/os.py'>
System check identified no issues (0 silenced).

You have 9 unapplied migration(s). Your project may not work properly until you apply the migrations for app(s): Chainring, Contact, Enterprise, Industry, Monitor, Subseribe, Users.
Run 'python manage.py migrate' to apply them.
June 29, 2019 - 21:44:58
Django version 1.11.11, using settings 'up_down_chain.settings'
Starting development server at http://10.10.10.6:8001/
Quit the server with CONTROL-C.
{'user_id': 27, 'email': '', 'username': 'oO5Eq6N1zrGhong-SZOGc8UfZDeI', 'exp': 1563103987}
index/info
{'user_id': 37, 'email': '', 'exp': 1563110138, 'username': 'oO5Eq6NGE1zV94yoHgLZnhcAJNOc'}
index/info
{'exp': 1563105640, 'email': '', 'username': 'oO5Eq6Gii1YiUQ2r_PBdgq8swz3Q', 'user_id': 8}
index/info
{'exp': 1563105640, 'email': '', 'username': 'oO5Eq6Gii1YiUQ2r_PBdgq8swz3Q', 'user_id': 8}
index/info
{'exp': 1563104822, 'email': '', 'username': 'oO5Eq6Gii1YiUQ2r_PBdgq8swz3Q', 'user_id': 8}
index/info
{'exp': 1563104822, 'email': '', 'username': 'oO5Eq6Gii1YiUQ2r_PBdgq8swz3Q', 'user_id': 8}
index/info
{'exp': 1563104822, 'email': '', 'username': 'oO5Eq6Gii1YiUQ2r_PBdgq8swz3Q', 'user_id': 8}
index/info
{'exp': 1563104822, 'email': '', 'username': 'oO5Eq6Gii1YiUQ2r_PBdgq8swz3Q', 'user_id': 8}
index/info
{'exp': 1563104822, 'email': '', 'username': 'oO5Eq6Gii1YiUQ2r_PBdgq8swz3Q', 'user_id': 8}
index/info
{'user_id': 12, 'email': '', 'username': 'oO5Eq6Fp0pFr0XNF02pXySpsG6q0', 'exp': 1563116072}
index/info
{'city': '广州', 'province': '广东', 'username': '🌻🎀Angel🎀🌻', 'headimgUrl': 'http://thirdwx.qlogo.cn/mmopen/vi_32/ybONbOCb9TbHX7mVHwWSRecib8oo4iaGwKwWXlwSLwwDklicSKa2RdDbeiczjI4BMeleqL6iaicCkvSKBrZgMwBBtGfw/132'}
{'city': '广州', 'province': '广东', 'username': '🌻🎀Angel🎀🌻', 'headimgUrl': 'http://thirdwx.qlogo.cn/mmopen/vi_32/ybONbOCb9TbHX7mVHwWSRecib8oo4iaGwKwWXlwSLwwDklicSKa2RdDbeiczjI4BMeleqL6iaicCkvSKBrZgMwBBtGfw/132'}
{'city': '广州', 'province': '广东', 'username': '🌻🎀Angel🎀🌻', 'headimgUrl': 'http://thirdwx.qlogo.cn/mmopen/vi_32/ybONbOCb9TbHX7mVHwWSRecib8oo4iaGwKwWXlwSLwwDklicSKa2RdDbeiczjI4BMeleqL6iaicCkvSKBrZgMwBBtGfw/132'}
{'city': '广州', 'province': '广东', 'username': '🌻🎀Angel🎀🌻', 'headimgUrl': 'http://thirdwx.qlogo.cn/mmopen/vi_32/ybONbOCb9TbHX7mVHwWSRecib8oo4iaGwKwWXlwSLwwDklicSKa2RdDbeiczjI4BMeleqL6iaicCkvSKBrZgMwBBtGfw/132'}
{'city': '广州', 'province': '广东', 'username': '🌻🎀Angel🎀🌻', 'headimgUrl': 'http://thirdwx.qlogo.cn/mmopen/vi_32/ybONbOCb9TbHX7mVHwWSRecib8oo4iaGwKwWXlwSLwwDklicSKa2RdDbeiczjI4BMeleqL6iaicCkvSKBrZgMwBBtGfw/132'}
{'city': '广州', 'province': '广东', 'username': '🌻🎀Angel🎀🌻', 'headimgUrl': 'http://thirdwx.qlogo.cn/mmopen/vi_32/ybONbOCb9TbHX7mVHwWSRecib8oo4iaGwKwWXlwSLwwDklicSKa2RdDbeiczjI4BMeleqL6iaicCkvSKBrZgMwBBtGfw/132'}
{'city': '广州', 'province': '广东', 'username': '🌻🎀Angel🎀🌻', 'headimgUrl': 'http://thirdwx.qlogo.cn/mmopen/vi_32/ybONbOCb9TbHX7mVHwWSRecib8oo4iaGwKwWXlwSLwwDklicSKa2RdDbeiczjI4BMeleqL6iaicCkvSKBrZgMwBBtGfw/132'}
{'city': '广州', 'province': '广东', 'username': '🌻🎀Angel🎀🌻', 'headimgUrl': 'http://thirdwx.qlogo.cn/mmopen/vi_32/ybONbOCb9TbHX7mVHwWSRecib8oo4iaGwKwWXlwSLwwDklicSKa2RdDbeiczjI4BMeleqL6iaicCkvSKBrZgMwBBtGfw/132'}
{'city': '广州', 'province': '广东', 'username': '🌻🎀Angel🎀🌻', 'headimgUrl': 'http://thirdwx.qlogo.cn/mmopen/vi_32/ybONbOCb9TbHX7mVHwWSRecib8oo4iaGwKwWXlwSLwwDklicSKa2RdDbeiczjI4BMeleqL6iaicCkvSKBrZgMwBBtGfw/132'}
{'city': '广州', 'province': '广东', 'username': '🌻🎀Angel🎀🌻', 'headimgUrl': 'http://thirdwx.qlogo.cn/mmopen/vi_32/ybONbOCb9TbHX7mVHwWSRecib8oo4iaGwKwWXlwSLwwDklicSKa2RdDbeiczjI4BMeleqL6iaicCkvSKBrZgMwBBtGfw/132'}
{'city': '广州', 'province': '广东', 'username': '🌻🎀Angel🎀🌻', 'headimgUrl': 'http://thirdwx.qlogo.cn/mmopen/vi_32/ybONbOCb9TbHX7mVHwWSRecib8oo4iaGwKwWXlwSLwwDklicSKa2RdDbeiczjI4BMeleqL6iaicCkvSKBrZgMwBBtGfw/132'}
{'city': '广州', 'province': '广东', 'username': '🌻🎀Angel🎀🌻', 'headimgUrl': 'http://thirdwx.qlogo.cn/mmopen/vi_32/ybONbOCb9TbHX7mVHwWSRecib8oo4iaGwKwWXlwSLwwDklicSKa2RdDbeiczjI4BMeleqL6iaicCkvSKBrZgMwBBtGfw/132'}
{'city': '广州', 'province': '广东', 'username': '🌻🎀Angel🎀🌻', 'headimgUrl': 'http://thirdwx.qlogo.cn/mmopen/vi_32/ybONbOCb9TbHX7mVHwWSRecib8oo4iaGwKwWXlwSLwwDklicSKa2RdDbeiczjI4BMeleqL6iaicCkvSKBrZgMwBBtGfw/132'}
{'city': '广州', 'province': '广东', 'username': '🌻🎀Angel🎀🌻', 'headimgUrl': 'http://thirdwx.qlogo.cn/mmopen/vi_32/ybONbOCb9TbHX7mVHwWSRecib8oo4iaGwKwWXlwSLwwDklicSKa2RdDbeiczjI4BMeleqL6iaicCkvSKBrZgMwBBtGfw/132'}
{'city': '广州', 'province': '广东', 'username': '🌻🎀Angel🎀🌻', 'headimgUrl': 'http://thirdwx.qlogo.cn/mmopen/vi_32/ybONbOCb9TbHX7mVHwWSRecib8oo4iaGwKwWXlwSLwwDklicSKa2RdDbeiczjI4BMeleqL6iaicCkvSKBrZgMwBBtGfw/132'}
{'city': '广州', 'province': '广东', 'username': '🌻🎀Angel🎀🌻', 'headimgUrl': 'http://thirdwx.qlogo.cn/mmopen/vi_32/ybONbOCb9TbHX7mVHwWSRecib8oo4iaGwKwWXlwSLwwDklicSKa2RdDbeiczjI4BMeleqL6iaicCkvSKBrZgMwBBtGfw/132'}
{'user_id': 12, 'email': '', 'username': 'oO5Eq6Fp0pFr0XNF02pXySpsG6q0', 'exp': 1563116072}
index/info
{'user_id': 12, 'email': '', 'username': 'oO5Eq6Fp0pFr0XNF02pXySpsG6q0', 'exp': 1563116072}
index/info
{'user_id': 12, 'email': '', 'username': 'oO5Eq6Fp0pFr0XNF02pXySpsG6q0', 'exp': 1563116072}
index/info
{'user_id': 32, 'email': '', 'exp': 1563083152, 'username': 'oO5Eq6BJiir38f-E0D9WCKU7jncI'}
index/info
{'city': '广州', 'province': '广东', 'username': '🌻🎀Angel🎀🌻', 'headimgUrl': 'http://thirdwx.qlogo.cn/mmopen/vi_32/ybONbOCb9TbHX7mVHwWSRecib8oo4iaGwKwWXlwSLwwDklicSKa2RdDbeiczjI4BMeleqL6iaicCkvSKBrZgMwBBtGfw/132'}
{'city': '广州', 'province': '广东', 'username': '🌻🎀Angel🎀🌻', 'headimgUrl': 'http://thirdwx.qlogo.cn/mmopen/vi_32/ybONbOCb9TbHX7mVHwWSRecib8oo4iaGwKwWXlwSLwwDklicSKa2RdDbeiczjI4BMeleqL6iaicCkvSKBrZgMwBBtGfw/132'}
{'city': '广州', 'province': '广东', 'username': '🌻🎀Angel🎀🌻', 'headimgUrl': 'http://thirdwx.qlogo.cn/mmopen/vi_32/ybONbOCb9TbHX7mVHwWSRecib8oo4iaGwKwWXlwSLwwDklicSKa2RdDbeiczjI4BMeleqL6iaicCkvSKBrZgMwBBtGfw/132'}
{'city': '广州', 'province': '广东', 'username': '🌻🎀Angel🎀🌻', 'headimgUrl': 'http://thirdwx.qlogo.cn/mmopen/vi_32/ybONbOCb9TbHX7mVHwWSRecib8oo4iaGwKwWXlwSLwwDklicSKa2RdDbeiczjI4BMeleqL6iaicCkvSKBrZgMwBBtGfw/132'}
{'user_id': 32, 'email': '', 'exp': 1563083152, 'username': 'oO5Eq6BJiir38f-E0D9WCKU7jncI'}
index/info
{'user_id': 32, 'email': '', 'exp': 1563083152, 'username': 'oO5Eq6BJiir38f-E0D9WCKU7jncI'}
index/info
{'user_id': 32, 'email': '', 'exp': 1563083152, 'username': 'oO5Eq6BJiir38f-E0D9WCKU7jncI'}
index/info
{'user_id': 32, 'email': '', 'exp': 1563083152, 'username': 'oO5Eq6BJiir38f-E0D9WCKU7jncI'}
index/info
{'user_id': 32, 'email': '', 'exp': 1563083152, 'username': 'oO5Eq6BJiir38f-E0D9WCKU7jncI'}
index/info
{'user_id': 32, 'email': '', 'exp': 1563083152, 'username': 'oO5Eq6BJiir38f-E0D9WCKU7jncI'}
index/info
{'user_id': 32, 'email': '', 'exp': 1563083152, 'username': 'oO5Eq6BJiir38f-E0D9WCKU7jncI'}
index/info
{'user_id': 32, 'email': '', 'exp': 1563083152, 'username': 'oO5Eq6BJiir38f-E0D9WCKU7jncI'}
index/info
{'city': '0', 'province': '0', 'country': '', 'privilege': [], 'headimgurl': 'http://thirdwx.qlogo.cn/mmopen/vi_32/rC0sljJT83iaDj37HqibD3eXKlx7yb08Tyc0EhT3yWvIN1mh9BtUfv5gRtM88KT1tefPVjUjptVibd3KcSkam3LpQ/132', 'language': 'zh_CN', 'sex': 0, 'openid': 'oO5Eq6KxlfvfrrHvNQ9eHXkUhhkk', 'nickname': '大F', 'unionid': 'onkOFwMAfBl855M7i6ePsZcMrslY'}
{'country': [ErrorDetail(string='该字段不能为空。', code='blank')]}
{'user_id': 32, 'email': '', 'exp': 1563083152, 'username': 'oO5Eq6BJiir38f-E0D9WCKU7jncI'}
index/info
{'city': '0', 'province': '0', 'country': '', 'privilege': [], 'headimgurl': 'http://thirdwx.qlogo.cn/mmopen/vi_32/rC0sljJT83iaDj37HqibD3eXKlx7yb08Tyc0EhT3yWvIN1mh9BtUfv5gRtM88KT1tefPVjUjptVibd3KcSkam3LpQ/132', 'language': 'zh_CN', 'sex': 0, 'openid': 'oO5Eq6KxlfvfrrHvNQ9eHXkUhhkk', 'nickname': '大F', 'unionid': 'onkOFwMAfBl855M7i6ePsZcMrslY'}